{
  "RSpec": {
    "coverage": {
      "/Users/rafaelcosta/AngularRails/cartola-pge/cartola_pge_api/config/environment.rb": [
        null,
        1,
        null,
        null,
        1
      ],
      "/Users/rafaelcosta/AngularRails/cartola-pge/cartola_pge_api/config/application.rb": [
        1,
        null,
        1,
        null,
        1,
        1,
        1,
        1,
        1,
        1,
        1,
        null,
        null,
        null,
        null,
        null,
        1,
        null,
        1,
        1,
        null,
        null,
        null,
        null,
        null,
        null,
        null,
        1,
        null,
        null
      ],
      "/Users/rafaelcosta/AngularRails/cartola-pge/cartola_pge_api/config/boot.rb": [
        1,
        null,
        1
      ],
      "/Users/rafaelcosta/AngularRails/cartola-pge/cartola_pge_api/config/environments/test.rb": [
        1,
        null,
        null,
        null,
        null,
        null,
        null,
        1,
        null,
        null,
        null,
        null,
        1,
        null,
        null,
        1,
        1,
        null,
        null,
        null,
        null,
        1,
        1,
        null,
        null,
        1,
        null,
        null,
        1,
        1,
        null,
        null,
        null,
        null,
        1,
        null,
        null,
        1,
        null,
        null,
        null,
        null
      ],
      "/Users/rafaelcosta/AngularRails/cartola-pge/cartola_pge_api/config/initializers/application_controller_renderer.rb": [
        null,
        null,
        null,
        null,
        null,
        null
      ],
      "/Users/rafaelcosta/AngularRails/cartola-pge/cartola_pge_api/config/initializers/backtrace_silencers.rb": [
        null,
        null,
        null,
        null,
        null,
        null,
        null
      ],
      "/Users/rafaelcosta/AngularRails/cartola-pge/cartola_pge_api/config/initializers/cors.rb": [
        null,
        null,
        null,
        null,
        null,
        null,
        null,
        null,
        null,
        null,
        null,
        null,
        null,
        null,
        null,
        null
      ],
      "/Users/rafaelcosta/AngularRails/cartola-pge/cartola_pge_api/config/initializers/filter_parameter_logging.rb": [
        null,
        null,
        null,
        1
      ],
      "/Users/rafaelcosta/AngularRails/cartola-pge/cartola_pge_api/config/initializers/inflections.rb": [
        null,
        null,
        null,
        null,
        null,
        null,
        null,
        null,
        null,
        null,
        null,
        null,
        null,
        null,
        null,
        null
      ],
      "/Users/rafaelcosta/AngularRails/cartola-pge/cartola_pge_api/config/initializers/mime_types.rb": [
        null,
        null,
        null,
        null
      ],
      "/Users/rafaelcosta/AngularRails/cartola-pge/cartola_pge_api/config/initializers/new_framework_defaults.rb": [
        null,
        null,
        null,
        null,
        null,
        null,
        null,
        null,
        1,
        null,
        null,
        1,
        null,
        null,
        1,
        null,
        null,
        1
      ],
      "/Users/rafaelcosta/AngularRails/cartola-pge/cartola_pge_api/config/initializers/wrap_parameters.rb": [
        null,
        null,
        null,
        null,
        null,
        null,
        1,
        2,
        null,
        null,
        null,
        null,
        null,
        null
      ],
      "/Users/rafaelcosta/AngularRails/cartola-pge/cartola_pge_api/spec/factories/season.rb": [
        1,
        1,
        11,
        12,
        null,
        null
      ],
      "/Users/rafaelcosta/AngularRails/cartola-pge/cartola_pge_api/config/routes.rb": [
        1,
        1,
        1,
        1,
        1,
        1,
        1,
        1,
        null,
        null
      ],
      "/Users/rafaelcosta/AngularRails/cartola-pge/cartola_pge_api/app/models/season.rb": [
        1,
        null,
        1,
        null,
        null
      ],
      "/Users/rafaelcosta/AngularRails/cartola-pge/cartola_pge_api/app/models/application_record.rb": [
        1,
        1,
        null
      ],
      "/Users/rafaelcosta/AngularRails/cartola-pge/cartola_pge_api/app/controllers/seasons_controller.rb": [
        1,
        1,
        null,
        null,
        1,
        1,
        null,
        1,
        null,
        null,
        null,
        1,
        0,
        null,
        null,
        null,
        1,
        2,
        null,
        2,
        1,
        null,
        1,
        null,
        null,
        null,
        null,
        1,
        0,
        0,
        null,
        0,
        null,
        null,
        null,
        null,
        1,
        0,
        null,
        null,
        1,
        null,
        1,
        0,
        null,
        null,
        null,
        1,
        2,
        null,
        null
      ],
      "/Users/rafaelcosta/AngularRails/cartola-pge/cartola_pge_api/app/controllers/application_controller.rb": [
        1,
        null
      ]
    },
    "timestamp": 1486934572
  }
}
